BEGIN;
BEGIN
EXPLAIN (ANALYZE, BUFFERS)
select
	supp_nation,
	cust_nation,
	l_year,
	sum(volume) as revenue
from
	(
		select
			n1.n_name as supp_nation,
			n2.n_name as cust_nation,
			extract(year from l_shipdate) as l_year,
			l_extendedprice * (1 - l_discount) as volume
		from
			supplier,
			lineitem,
			orders,
			customer,
			nation n1,
			nation n2
		where
			s_suppkey = l_suppkey
			and o_orderkey = l_orderkey
			and c_custkey = o_custkey
			and s_nationkey = n1.n_nationkey
			and c_nationkey = n2.n_nationkey
			and (
				(n1.n_name = 'MOROCCO' and n2.n_name = 'INDIA')
				or (n1.n_name = 'INDIA' and n2.n_name = 'MOROCCO')
			)
			and l_shipdate between date '1995-01-01' and date '1996-12-31'
	) as shipping
group by
	supp_nation,
	cust_nation,
	l_year
order by
	supp_nation,
	cust_nation,
	l_year;
                                                                                                 QUERY PLAN                                                                                                  
-------------------------------------------------------------------------------------------------------------------------------------------------------------------------------------------------------------
 GroupAggregate  (cost=2354989.93..2356883.18 rows=58254 width=64) (actual time=90051.912..90076.085 rows=4 loops=1)
   Buffers: shared hit=887178 read=543682 written=6720
   ->  Sort  (cost=2354989.93..2355135.56 rows=58254 width=64) (actual time=90043.796..90047.725 rows=58823 loops=1)
         Sort Key: n1.n_name, n2.n_name, (date_part('year'::text, (lineitem.l_shipdate)::timestamp without time zone))
         Sort Method: quicksort  Memory: 9808kB
         Buffers: shared hit=887178 read=543682 written=6720
         ->  Hash Join  (cost=894542.11..2350379.10 rows=58254 width=64) (actual time=43023.828..89737.486 rows=58823 loops=1)
               Hash Cond: ((lineitem.l_suppkey = supplier.s_suppkey) AND (n1.n_nationkey = supplier.s_nationkey))
               Buffers: shared hit=887170 read=543682 written=6720
               ->  Hash Join  (cost=889863.11..2315699.19 rows=1456355 width=72) (actual time=42901.477..86003.405 rows=1459202 loops=1)
                     Hash Cond: (lineitem.l_orderkey = orders.o_orderkey)
                     Buffers: shared hit=884988 read=543682 written=6720
                     ->  Bitmap Heap Scan on lineitem  (cost=385783.73..1728734.96 rows=18219015 width=20) (actual time=15350.283..35042.543 rows=18247629 loops=1)
                           Recheck Cond: ((l_shipdate >= '1995-01-01'::date) AND (l_shipdate <= '1996-12-31'::date))
                           Buffers: shared hit=574092 read=541799 written=6720
                           ->  Bitmap Index Scan on lineitem_l_shipdate_l_suppkey__idx  (cost=0.00..381228.98 rows=18219015 width=0) (actual time=14486.226..14486.226 rows=18302308 loops=1)
                                 Index Cond: ((l_shipdate >= '1995-01-01'::date) AND (l_shipdate <= '1996-12-31'::date))
                                 Buffers: shared hit=19 read=49796
                     ->  Hash  (cost=489031.49..489031.49 rows=1203831 width=60) (actual time=27550.160..27550.160 rows=1198332 loops=1)
                           Buckets: 131072  Batches: 1  Memory Usage: 107663kB
                           Buffers: shared hit=310896 read=1883
                           ->  Hash Join  (cost=15638.06..489031.49 rows=1203831 width=60) (actual time=522.156..26237.002 rows=1198332 loops=1)
                                 Hash Cond: (orders.o_custkey = customer.c_custkey)
                                 Buffers: shared hit=310896 read=1883
                                 ->  Seq Scan on orders  (cost=0.00..404880.36 rows=15059936 width=8) (actual time=0.031..4913.985 rows=15015000 loops=1)
                                       Buffers: shared hit=253246 read=1035
                                 ->  Hash  (cost=14139.26..14139.26 rows=119904 width=60) (actual time=521.902..521.902 rows=120049 loops=1)
                                       Buckets: 16384  Batches: 1  Memory Usage: 10786kB
                                       Buffers: shared hit=57650 read=848
                                       ->  Nested Loop  (cost=905.09..14139.26 rows=119904 width=60) (actual time=32.314..449.595 rows=120049 loops=1)
                                             Buffers: shared hit=57650 read=848
                                             ->  Nested Loop  (cost=0.00..28.00 rows=2 width=60) (actual time=0.210..0.443 rows=2 loops=1)
                                                   Join Filter: (((n1.n_name = 'MOROCCO'::bpchar) AND (n2.n_name = 'INDIA'::bpchar)) OR ((n1.n_name = 'INDIA'::bpchar) AND (n2.n_name = 'MOROCCO'::bpchar)))
                                                   Rows Removed by Join Filter: 623
                                                   Buffers: shared hit=3
                                                   ->  Index Scan using pk_nation on nation n1  (cost=0.00..12.63 rows=25 width=30) (actual time=0.017..0.036 rows=25 loops=1)
                                                         Buffers: shared hit=2
                                                   ->  Materialize  (cost=0.00..1.38 rows=25 width=30) (actual time=0.001..0.004 rows=25 loops=25)
                                                         Buffers: shared hit=1
                                                         ->  Seq Scan on nation n2  (cost=0.00..1.25 rows=25 width=30) (actual time=0.006..0.013 rows=25 loops=1)
                                                               Buffers: shared hit=1
                                             ->  Bitmap Heap Scan on customer  (cost=905.09..6455.63 rows=60000 width=8) (actual time=26.598..208.696 rows=60024 loops=2)
                                                   Recheck Cond: (c_nationkey = n2.n_nationkey)
                                                   Buffers: shared hit=57647 read=848
                                                   ->  Bitmap Index Scan on customer_c_nationkey_c_custkey_idx  (cost=0.00..890.09 rows=60000 width=0) (actual time=17.773..17.773 rows=60024 loops=2)
                                                         Index Cond: (c_nationkey = n2.n_nationkey)
                                                         Buffers: shared hit=2 read=334
               ->  Hash  (cost=3179.00..3179.00 rows=100000 width=8) (actual time=121.669..121.669 rows=100000 loops=1)
                     Buckets: 16384  Batches: 1  Memory Usage: 3907kB
                     Buffers: shared hit=2179
                     ->  Seq Scan on supplier  (cost=0.00..3179.00 rows=100000 width=8) (actual time=0.015..73.715 rows=100000 loops=1)
                           Buffers: shared hit=2179
 Total runtime: 90118.999 ms
(53 rows)

COMMIT;
COMMIT
