BEGIN;
BEGIN
EXPLAIN (ANALYZE, BUFFERS)
select
	s_name,
	s_address
from
	supplier,
	nation
where
	s_suppkey in (
		select
			distinct (ps_suppkey)
		from
			partsupp,
			part
		where
			ps_partkey=p_partkey
			and p_name like 'cornsilk%'
			and ps_availqty > (
				select
					0.5 * sum(l_quantity)
				from
					lineitem
				where
					l_partkey = ps_partkey
					and l_suppkey = ps_suppkey
					and l_shipdate >= '1997-01-01'
					and l_shipdate < cast(date '1997-01-01' + interval '1 year' as date)
			)
	)
	and s_nationkey = n_nationkey
	and n_name = 'PERU'
order by
	s_name;
                                                                                               QUERY PLAN                                                                                                
---------------------------------------------------------------------------------------------------------------------------------------------------------------------------------------------------------
 Sort  (cost=11590901.82..11590904.48 rows=1067 width=51) (actual time=16241.500..16241.619 rows=1788 loops=1)
   Sort Key: supplier.s_name
   Sort Method: quicksort  Memory: 257kB
   Buffers: shared hit=2746948 read=356979 dirtied=2138 written=13783
   ->  Hash Semi Join  (cost=11588503.26..11590848.15 rows=1067 width=51) (actual time=16192.087..16213.362 rows=1788 loops=1)
         Hash Cond: (supplier.s_suppkey = partsupp.ps_suppkey)
         Buffers: shared hit=2746943 read=356979 dirtied=2138 written=13783
         ->  Nested Loop  (cost=79.26..2391.58 rows=4000 width=55) (actual time=1.836..17.684 rows=3991 loops=1)
               Buffers: shared hit=1843 read=14 written=1
               ->  Seq Scan on nation  (cost=0.00..1.31 rows=1 width=4) (actual time=0.020..0.032 rows=1 loops=1)
                     Filter: (n_name = 'PERU'::bpchar)
                     Rows Removed by Filter: 24
                     Buffers: shared hit=1
               ->  Bitmap Heap Scan on supplier  (cost=79.26..2350.26 rows=4000 width=59) (actual time=1.809..16.226 rows=3991 loops=1)
                     Recheck Cond: (s_nationkey = nation.n_nationkey)
                     Buffers: shared hit=1842 read=14 written=1
                     ->  Bitmap Index Scan on supplier_s_nationkey_s_suppkey_idx  (cost=0.00..78.26 rows=4000 width=0) (actual time=1.388..1.388 rows=3991 loops=1)
                           Index Cond: (s_nationkey = nation.n_nationkey)
                           Buffers: shared read=14 written=1
         ->  Hash  (cost=11588090.43..11588090.43 rows=26686 width=4) (actual time=16190.190..16190.190 rows=44579 loops=1)
               Buckets: 4096  Batches: 1  Memory Usage: 1568kB
               Buffers: shared hit=2745100 read=356965 dirtied=2138 written=13782
               ->  HashAggregate  (cost=11587556.71..11587823.57 rows=26686 width=4) (actual time=16148.500..16173.747 rows=44579 loops=1)
                     Buffers: shared hit=2745100 read=356965 dirtied=2138 written=13782
                     ->  Nested Loop  (cost=0.00..11587489.99 rows=26686 width=4) (actual time=1.448..16033.298 rows=58913 loops=1)
                           Buffers: shared hit=2745100 read=356965 dirtied=2138 written=13782
                           ->  Seq Scan on part  (cost=0.00..65522.00 rows=20020 width=4) (actual time=0.100..1409.234 rows=21686 loops=1)
                                 Filter: ((p_name)::text ~~ 'cornsilk%'::text)
                                 Rows Removed by Filter: 1978314
                                 Buffers: shared hit=370 read=40152 written=1490
                           ->  Index Scan using pk_partsupp on partsupp  (cost=0.00..575.51 rows=1 width=8) (actual time=0.523..0.671 rows=3 loops=21686)
                                 Index Cond: (ps_partkey = part.p_partkey)
                                 Filter: ((ps_availqty)::double precision > (SubPlan 1))
                                 Rows Removed by Filter: 1
                                 Buffers: shared hit=2744730 read=316813 dirtied=2138 written=12292
                                 SubPlan 1
                                   ->  Aggregate  (cost=140.92..140.94 rows=1 width=4) (actual time=0.155..0.155 rows=1 loops=86744)
                                         Buffers: shared hit=2685941 read=285985 dirtied=2138 written=11288
                                         ->  Index Scan using lineitem_l_partkey_l_quantity_l_shipmode_idx on lineitem  (cost=0.00..140.92 rows=1 width=4) (actual time=0.096..0.152 rows=1 loops=86744)
                                               Index Cond: (l_partkey = partsupp.ps_partkey)
                                               Filter: ((l_shipdate >= '1997-01-01'::date) AND (l_shipdate < '1998-01-01'::date) AND (l_suppkey = partsupp.ps_suppkey))
                                               Rows Removed by Filter: 29
                                               Buffers: shared hit=2685941 read=285985 dirtied=2138 written=11288
 Total runtime: 16243.217 ms
(44 rows)

COMMIT;
COMMIT
