BEGIN;
BEGIN
EXPLAIN (ANALYZE, BUFFERS)
select
	sum(l_extendedprice* (1 - l_discount)) as revenue
from
	lineitem,
	part
where
	(
		p_partkey = l_partkey
		and p_brand = 'Brand#51'
		and p_container in ('SM CASE', 'SM BOX', 'SM PACK', 'SM PKG')
		and l_quantity >= 9 and l_quantity <= 9+10
		and p_size between 1 and 5
		and l_shipmode in ('AIR', 'AIR REG')
		and l_shipinstruct = 'DELIVER IN PERSON'
	)
	or
	(
		p_partkey = l_partkey
		and p_brand = 'Brand#44'
		and p_container in ('MED BAG', 'MED BOX', 'MED PKG', 'MED PACK')
		and l_quantity >= 18 and l_quantity <= 18+10
		and p_size between 1 and 10
		and l_shipmode in ('AIR', 'AIR REG')
		and l_shipinstruct = 'DELIVER IN PERSON'
	)
	or
	(
		p_partkey = l_partkey
		and p_brand = 'Brand#41'
		and p_container in ('LG CASE', 'LG BOX', 'LG PACK', 'LG PKG')
		and l_quantity >= 22 and l_quantity <= 22+10
		and p_size between 1 and 15
		and l_shipmode in ('AIR', 'AIR REG')
		and l_shipinstruct = 'DELIVER IN PERSON'
	);
                                                                                                                                                                                                                                                                                                                                                                                                                                                                                                                                                                                                       QUERY PLAN                                                                                                                                                                                                                                                                                                                                                                                                                                                                                                                                                                                                       
------------------------------------------------------------------------------------------------------------------------------------------------------------------------------------------------------------------------------------------------------------------------------------------------------------------------------------------------------------------------------------------------------------------------------------------------------------------------------------------------------------------------------------------------------------------------------------------------------------------------------------------------------------------------------------------------------------------------------------------------------------------------------------------------------------------------------------------------------------------------------------------------------------------------------------------------------------------------------------------------------------------------------------------------------------------------------------------------------------------------------------------------------------------------------------------------------------------------
 Aggregate  (cost=424775.39..424775.40 rows=1 width=8) (actual time=1897.247..1897.248 rows=1 loops=1)
   Buffers: shared hit=98319 read=46630 dirtied=42
   ->  Nested Loop  (cost=13492.37..424767.72 rows=1023 width=8) (actual time=267.167..1895.454 rows=1147 loops=1)
         Buffers: shared hit=98319 read=46630 dirtied=42
         ->  Bitmap Heap Scan on part  (cost=13492.37..37839.05 rows=10522 width=30) (actual time=244.147..490.606 rows=10622 loops=1)
               Recheck Cond: (((p_container = ANY ('{"SM CASE","SM BOX","SM PACK","SM PKG"}'::bpchar[])) AND (p_brand = 'Brand#51'::bpchar) AND (p_size <= 5) AND (p_size >= 1)) OR ((p_container = ANY ('{"MED BAG","MED BOX","MED PKG","MED PACK"}'::bpchar[])) AND (p_brand = 'Brand#44'::bpchar) AND (p_size <= 10) AND (p_size >= 1)) OR ((p_container = ANY ('{"LG CASE","LG BOX","LG PACK","LG PKG"}'::bpchar[])) AND (p_brand = 'Brand#41'::bpchar)))
               Filter: (p_size >= 1)
               Buffers: shared hit=560 read=10603
               ->  BitmapOr  (cost=13492.37..13492.37 rows=10532 width=0) (actual time=242.154..242.154 rows=0 loops=1)
                     Buffers: shared hit=560 read=1267
                     ->  BitmapAnd  (cost=4489.00..4489.00 rows=799 width=0) (actual time=87.961..87.961 rows=0 loops=1)
                           Buffers: shared hit=4 read=607
                           ->  Bitmap Index Scan on part_p_container_p_brand_p_partkey_idx  (cost=0.00..289.49 rows=7999 width=0) (actual time=5.862..5.862 rows=8071 loops=1)
                                 Index Cond: ((p_container = ANY ('{"SM CASE","SM BOX","SM PACK","SM PKG"}'::bpchar[])) AND (p_brand = 'Brand#51'::bpchar))
                                 Buffers: shared hit=3 read=59
                           ->  Bitmap Index Scan on part_p_size_idx  (cost=0.00..4194.00 rows=199753 width=0) (actual time=78.262..78.262 rows=199678 loops=1)
                                 Index Cond: ((p_size <= 5) AND (p_size >= 1))
                                 Buffers: shared hit=1 read=548
                     ->  BitmapAnd  (cost=8709.80..8709.80 rows=1612 width=0) (actual time=149.939..149.939 rows=0 loops=1)
                           Buffers: shared hit=552 read=602
                           ->  Bitmap Index Scan on part_p_container_p_brand_p_partkey_idx  (cost=0.00..289.89 rows=8041 width=0) (actual time=5.608..5.608 rows=8078 loops=1)
                                 Index Cond: ((p_container = ANY ('{"MED BAG","MED BOX","MED PKG","MED PACK"}'::bpchar[])) AND (p_brand = 'Brand#44'::bpchar))
                                 Buffers: shared hit=4 read=56
                           ->  Bitmap Index Scan on part_p_size_idx  (cost=0.00..8414.40 rows=400993 width=0) (actual time=139.298..139.298 rows=399409 loops=1)
                                 Index Cond: ((p_size <= 10) AND (p_size >= 1))
                                 Buffers: shared hit=548 read=546
                     ->  Bitmap Index Scan on part_p_container_p_brand_p_partkey_idx  (cost=0.00..290.69 rows=8121 width=0) (actual time=3.749..3.749 rows=8147 loops=1)
                           Index Cond: ((p_container = ANY ('{"LG CASE","LG BOX","LG PACK","LG PKG"}'::bpchar[])) AND (p_brand = 'Brand#41'::bpchar))
                           Buffers: shared hit=4 read=58
         ->  Index Scan using lineitem_l_partkey_l_quantity_l_shipmode_idx on lineitem  (cost=0.00..36.76 rows=1 width=16) (actual time=0.121..0.126 rows=0 loops=10622)
               Index Cond: ((l_partkey = part.p_partkey) AND (l_shipmode = ANY ('{AIR,"AIR REG"}'::bpchar[])))
               Filter: ((l_shipinstruct = 'DELIVER IN PERSON'::bpchar) AND (((l_quantity >= 9::double precision) AND (l_quantity <= 19::double precision) AND (l_shipmode = ANY ('{AIR,"AIR REG"}'::bpchar[]))) OR ((l_quantity >= 18::double precision) AND (l_quantity <= 28::double precision) AND (l_shipmode = ANY ('{AIR,"AIR REG"}'::bpchar[]))) OR ((l_quantity >= 22::double precision) AND (l_quantity <= 32::double precision) AND (l_shipmode = ANY ('{AIR,"AIR REG"}'::bpchar[])))) AND (((part.p_brand = 'Brand#51'::bpchar) AND (part.p_container = ANY ('{"SM CASE","SM BOX","SM PACK","SM PKG"}'::bpchar[])) AND (l_quantity >= 9::double precision) AND (l_quantity <= 19::double precision) AND (part.p_size <= 5)) OR ((part.p_brand = 'Brand#44'::bpchar) AND (part.p_container = ANY ('{"MED BAG","MED BOX","MED PKG","MED PACK"}'::bpchar[])) AND (l_quantity >= 18::double precision) AND (l_quantity <= 28::double precision) AND (part.p_size <= 10)) OR ((part.p_brand = 'Brand#41'::bpchar) AND (part.p_container = ANY ('{"LG CASE","LG BOX","LG PACK","LG PKG"}'::bpchar[])) AND (l_quantity >= 22::double precision) AND (l_quantity <= 32::double precision) AND (part.p_size <= 15))))
               Rows Removed by Filter: 4
               Buffers: shared hit=97759 read=36027 dirtied=42
 Total runtime: 1897.836 ms
(35 rows)

COMMIT;
COMMIT
