BEGIN;
BEGIN
EXPLAIN (ANALYZE, BUFFERS)
select
	s_name,
	count(*) as numwait
from
	supplier,
	lineitem l1,
	orders,
	nation
where
	s_suppkey = l1.l_suppkey
	and o_orderkey = l1.l_orderkey
	and o_orderstatus = 'F'
	and l1.l_receiptdate > l1.l_commitdate
	and exists (
		select
			*
		from
			lineitem l2
		where
			l2.l_orderkey = l1.l_orderkey
			and l2.l_suppkey <> l1.l_suppkey
	)
	and not exists (
		select
			*
		from
			lineitem l3
		where
			l3.l_orderkey = l1.l_orderkey
			and l3.l_suppkey <> l1.l_suppkey
			and l3.l_receiptdate > l3.l_commitdate
	)
	and s_nationkey = n_nationkey
	and n_name = 'PERU'
group by
	s_name
order by
	numwait desc,
	s_name
LIMIT 100;
                                                                                               QUERY PLAN                                                                                               
--------------------------------------------------------------------------------------------------------------------------------------------------------------------------------------------------------
 Limit  (cost=4808903.89..4808903.89 rows=1 width=26) (actual time=166511.307..166511.336 rows=100 loops=1)
   Buffers: shared hit=9845387 read=1686528 dirtied=153 written=7411, temp read=161687 written=161681
   ->  Sort  (cost=4808903.89..4808903.89 rows=1 width=26) (actual time=166511.302..166511.312 rows=100 loops=1)
         Sort Key: (count(*)), supplier.s_name
         Sort Method: top-N heapsort  Memory: 32kB
         Buffers: shared hit=9845387 read=1686528 dirtied=153 written=7411, temp read=161687 written=161681
         ->  HashAggregate  (cost=4808903.87..4808903.88 rows=1 width=26) (actual time=166503.816..166506.335 rows=3991 loops=1)
               Buffers: shared hit=9845379 read=1686528 dirtied=153 written=7411, temp read=161687 written=161681
               ->  Nested Loop Anti Join  (cost=2657155.73..4808903.86 rows=1 width=26) (actual time=54245.711..166335.209 rows=39309 loops=1)
                     Buffers: shared hit=9845379 read=1686528 dirtied=153 written=7411, temp read=161687 written=161681
                     ->  Nested Loop  (cost=2657155.73..4808888.94 rows=1 width=34) (actual time=54245.619..144516.754 rows=704981 loops=1)
                           Join Filter: (l1.l_orderkey = orders.o_orderkey)
                           Buffers: shared hit=6860431 read=1131570 dirtied=152 written=548, temp read=161687 written=161681
                           ->  Hash Semi Join  (cost=2657155.73..4808886.98 rows=1 width=38) (actual time=54244.382..122314.338 rows=1461764 loops=1)
                                 Hash Cond: (l1.l_orderkey = l2.l_orderkey)
                                 Join Filter: (l2.l_suppkey <> l1.l_suppkey)
                                 Rows Removed by Join Filter: 377709
                                 Buffers: shared hit=1140420 read=996532 written=3, temp read=161687 written=161681
                                 ->  Hash Join  (cost=2441.58..1904455.60 rows=801410 width=34) (actual time=51.307..50523.984 rows=1515772 loops=1)
                                       Hash Cond: (l1.l_suppkey = supplier.s_suppkey)
                                       Buffers: shared hit=494899 read=574507
                                       ->  Seq Scan on lineitem l1  (cost=0.00..1818867.75 rows=20035247 width=8) (actual time=0.054..34118.777 rows=37966905 loops=1)
                                             Filter: (l_receiptdate > l_commitdate)
                                             Rows Removed by Filter: 22078698
                                             Buffers: shared hit=494545 read=573001
                                       ->  Hash  (cost=2391.58..2391.58 rows=4000 width=30) (actual time=51.119..51.119 rows=3991 loops=1)
                                             Buckets: 1024  Batches: 1  Memory Usage: 250kB
                                             Buffers: shared hit=351 read=1506
                                             ->  Nested Loop  (cost=79.26..2391.58 rows=4000 width=30) (actual time=4.134..48.704 rows=3991 loops=1)
                                                   Buffers: shared hit=351 read=1506
                                                   ->  Seq Scan on nation  (cost=0.00..1.31 rows=1 width=4) (actual time=0.009..0.015 rows=1 loops=1)
                                                         Filter: (n_name = 'PERU'::bpchar)
                                                         Rows Removed by Filter: 24
                                                         Buffers: shared hit=1
                                                   ->  Bitmap Heap Scan on supplier  (cost=79.26..2350.26 rows=4000 width=34) (actual time=4.119..47.194 rows=3991 loops=1)
                                                         Recheck Cond: (s_nationkey = nation.n_nationkey)
                                                         Buffers: shared hit=350 read=1506
                                                         ->  Bitmap Index Scan on supplier_s_nationkey_s_suppkey_idx  (cost=0.00..78.26 rows=4000 width=0) (actual time=3.802..3.802 rows=3991 loops=1)
                                                               Index Cond: (s_nationkey = nation.n_nationkey)
                                                               Buffers: shared read=14
                                 ->  Hash  (cost=1668603.40..1668603.40 rows=60105740 width=8) (actual time=54157.695..54157.695 rows=60045603 loops=1)
                                       Buckets: 4194304  Batches: 4  Memory Usage: 586633kB
                                       Buffers: shared hit=645521 read=422025 written=3, temp written=153903
                                       ->  Seq Scan on lineitem l2  (cost=0.00..1668603.40 rows=60105740 width=8) (actual time=0.015..26976.261 rows=60045603 loops=1)
                                             Buffers: shared hit=645521 read=422025 written=3
                           ->  Index Scan using orders_o_orderkey_o_orderdate_idx on orders  (cost=0.00..1.94 rows=1 width=4) (actual time=0.014..0.014 rows=0 loops=1461764)
                                 Index Cond: (o_orderkey = l2.l_orderkey)
                                 Filter: (o_orderstatus = 'F'::bpchar)
                                 Rows Removed by Filter: 1
                                 Buffers: shared hit=5720011 read=135038 dirtied=152 written=545
                     ->  Index Scan using pk_lineitem on lineitem l3  (cost=0.00..7.44 rows=5 width=8) (actual time=0.030..0.030 rows=1 loops=704981)
                           Index Cond: (l_orderkey = l1.l_orderkey)
                           Filter: ((l_receiptdate > l_commitdate) AND (l_suppkey <> l1.l_suppkey))
                           Rows Removed by Filter: 1
                           Buffers: shared hit=2984948 read=554958 dirtied=1 written=6863
 Total runtime: 166519.327 ms
(56 rows)

COMMIT;
COMMIT
