BEGIN;
BEGIN
EXPLAIN (ANALYZE, BUFFERS)
select
	sum(l_extendedprice* (1 - l_discount)) as revenue
from
	lineitem,
	part
where
	(
		p_partkey = l_partkey
		and p_brand = 'Brand#34'
		and p_container in ('SM CASE', 'SM BOX', 'SM PACK', 'SM PKG')
		and l_quantity >= 7 and l_quantity <= 7+10
		and p_size between 1 and 5
		and l_shipmode in ('AIR', 'AIR REG')
		and l_shipinstruct = 'DELIVER IN PERSON'
	)
	or
	(
		p_partkey = l_partkey
		and p_brand = 'Brand#21'
		and p_container in ('MED BAG', 'MED BOX', 'MED PKG', 'MED PACK')
		and l_quantity >= 18 and l_quantity <= 18+10
		and p_size between 1 and 10
		and l_shipmode in ('AIR', 'AIR REG')
		and l_shipinstruct = 'DELIVER IN PERSON'
	)
	or
	(
		p_partkey = l_partkey
		and p_brand = 'Brand#53'
		and p_container in ('LG CASE', 'LG BOX', 'LG PACK', 'LG PKG')
		and l_quantity >= 24 and l_quantity <= 24+10
		and p_size between 1 and 15
		and l_shipmode in ('AIR', 'AIR REG')
		and l_shipinstruct = 'DELIVER IN PERSON'
	);
                                                                                                                                                                                                                                                                                                                                                                                                                                                                                                                                                                                                       QUERY PLAN                                                                                                                                                                                                                                                                                                                                                                                                                                                                                                                                                                                                       
------------------------------------------------------------------------------------------------------------------------------------------------------------------------------------------------------------------------------------------------------------------------------------------------------------------------------------------------------------------------------------------------------------------------------------------------------------------------------------------------------------------------------------------------------------------------------------------------------------------------------------------------------------------------------------------------------------------------------------------------------------------------------------------------------------------------------------------------------------------------------------------------------------------------------------------------------------------------------------------------------------------------------------------------------------------------------------------------------------------------------------------------------------------------------------------------------------------------
 Aggregate  (cost=423603.41..423603.42 rows=1 width=8) (actual time=1618.459..1618.460 rows=1 loops=1)
   Buffers: shared hit=97872 read=44267 dirtied=406
   ->  Nested Loop  (cost=13493.33..423595.68 rows=1030 width=8) (actual time=151.458..1616.875 rows=1116 loops=1)
         Buffers: shared hit=97872 read=44267 dirtied=406
         ->  Bitmap Heap Scan on part  (cost=13493.33..37794.38 rows=10490 width=30) (actual time=149.172..372.537 rows=10372 loops=1)
               Recheck Cond: (((p_container = ANY ('{"SM CASE","SM BOX","SM PACK","SM PKG"}'::bpchar[])) AND (p_brand = 'Brand#34'::bpchar) AND (p_size <= 5) AND (p_size >= 1)) OR ((p_container = ANY ('{"MED BAG","MED BOX","MED PKG","MED PACK"}'::bpchar[])) AND (p_brand = 'Brand#21'::bpchar) AND (p_size <= 10) AND (p_size >= 1)) OR ((p_container = ANY ('{"LG CASE","LG BOX","LG PACK","LG PKG"}'::bpchar[])) AND (p_brand = 'Brand#53'::bpchar)))
               Filter: (p_size >= 1)
               Buffers: shared hit=1109 read=9885
               ->  BitmapOr  (cost=13493.33..13493.33 rows=10501 width=0) (actual time=147.303..147.303 rows=0 loops=1)
                     Buffers: shared hit=1109 read=716
                     ->  BitmapAnd  (cost=4489.86..4489.86 rows=808 width=0) (actual time=54.237..54.237 rows=0 loops=1)
                           Buffers: shared hit=552 read=59
                           ->  Bitmap Index Scan on part_p_container_p_brand_p_partkey_idx  (cost=0.00..290.37 rows=8086 width=0) (actual time=10.033..10.033 rows=8037 loops=1)
                                 Index Cond: ((p_container = ANY ('{"SM CASE","SM BOX","SM PACK","SM PKG"}'::bpchar[])) AND (p_brand = 'Brand#34'::bpchar))
                                 Buffers: shared hit=4 read=58
                           ->  Bitmap Index Scan on part_p_size_idx  (cost=0.00..4194.00 rows=199753 width=0) (actual time=41.882..41.882 rows=199678 loops=1)
                                 Index Cond: ((p_size <= 5) AND (p_size >= 1))
                                 Buffers: shared hit=548 read=1
                     ->  BitmapAnd  (cost=8710.42..8710.42 rows=1625 width=0) (actual time=89.030..89.030 rows=0 loops=1)
                           Buffers: shared hit=552 read=602
                           ->  Bitmap Index Scan on part_p_container_p_brand_p_partkey_idx  (cost=0.00..290.53 rows=8103 width=0) (actual time=3.884..3.884 rows=8048 loops=1)
                                 Index Cond: ((p_container = ANY ('{"MED BAG","MED BOX","MED PKG","MED PACK"}'::bpchar[])) AND (p_brand = 'Brand#21'::bpchar))
                                 Buffers: shared hit=4 read=56
                           ->  Bitmap Index Scan on part_p_size_idx  (cost=0.00..8414.40 rows=400993 width=0) (actual time=82.863..82.863 rows=399409 loops=1)
                                 Index Cond: ((p_size <= 10) AND (p_size >= 1))
                                 Buffers: shared hit=548 read=546
                     ->  Bitmap Index Scan on part_p_container_p_brand_p_partkey_idx  (cost=0.00..290.17 rows=8068 width=0) (actual time=3.697..3.697 rows=7916 loops=1)
                           Index Cond: ((p_container = ANY ('{"LG CASE","LG BOX","LG PACK","LG PKG"}'::bpchar[])) AND (p_brand = 'Brand#53'::bpchar))
                           Buffers: shared hit=5 read=55
         ->  Index Scan using lineitem_l_partkey_l_quantity_l_shipmode_idx on lineitem  (cost=0.00..36.77 rows=1 width=16) (actual time=0.109..0.114 rows=0 loops=10372)
               Index Cond: ((l_partkey = part.p_partkey) AND (l_shipmode = ANY ('{AIR,"AIR REG"}'::bpchar[])))
               Filter: ((l_shipinstruct = 'DELIVER IN PERSON'::bpchar) AND (((l_quantity >= 7::double precision) AND (l_quantity <= 17::double precision) AND (l_shipmode = ANY ('{AIR,"AIR REG"}'::bpchar[]))) OR ((l_quantity >= 18::double precision) AND (l_quantity <= 28::double precision) AND (l_shipmode = ANY ('{AIR,"AIR REG"}'::bpchar[]))) OR ((l_quantity >= 24::double precision) AND (l_quantity <= 34::double precision) AND (l_shipmode = ANY ('{AIR,"AIR REG"}'::bpchar[])))) AND (((part.p_brand = 'Brand#34'::bpchar) AND (part.p_container = ANY ('{"SM CASE","SM BOX","SM PACK","SM PKG"}'::bpchar[])) AND (l_quantity >= 7::double precision) AND (l_quantity <= 17::double precision) AND (part.p_size <= 5)) OR ((part.p_brand = 'Brand#21'::bpchar) AND (part.p_container = ANY ('{"MED BAG","MED BOX","MED PKG","MED PACK"}'::bpchar[])) AND (l_quantity >= 18::double precision) AND (l_quantity <= 28::double precision) AND (part.p_size <= 10)) OR ((part.p_brand = 'Brand#53'::bpchar) AND (part.p_container = ANY ('{"LG CASE","LG BOX","LG PACK","LG PKG"}'::bpchar[])) AND (l_quantity >= 24::double precision) AND (l_quantity <= 34::double precision) AND (part.p_size <= 15))))
               Rows Removed by Filter: 4
               Buffers: shared hit=96763 read=34382 dirtied=406
 Total runtime: 1619.033 ms
(35 rows)

COMMIT;
COMMIT
