BEGIN;
BEGIN
EXPLAIN (ANALYZE, BUFFERS)
select
	supp_nation,
	cust_nation,
	l_year,
	sum(volume) as revenue
from
	(
		select
			n1.n_name as supp_nation,
			n2.n_name as cust_nation,
			extract(year from l_shipdate) as l_year,
			l_extendedprice * (1 - l_discount) as volume
		from
			supplier,
			lineitem,
			orders,
			customer,
			nation n1,
			nation n2
		where
			s_suppkey = l_suppkey
			and o_orderkey = l_orderkey
			and c_custkey = o_custkey
			and s_nationkey = n1.n_nationkey
			and c_nationkey = n2.n_nationkey
			and (
				(n1.n_name = 'ROMANIA' and n2.n_name = 'JAPAN')
				or (n1.n_name = 'JAPAN' and n2.n_name = 'ROMANIA')
			)
			and l_shipdate between date '1995-01-01' and date '1996-12-31'
	) as shipping
group by
	supp_nation,
	cust_nation,
	l_year
order by
	supp_nation,
	cust_nation,
	l_year;
                                                                                                 QUERY PLAN                                                                                                  
-------------------------------------------------------------------------------------------------------------------------------------------------------------------------------------------------------------
 GroupAggregate  (cost=2363487.14..2365387.94 rows=58486 width=64) (actual time=99633.827..99679.791 rows=4 loops=1)
   Buffers: shared hit=578982 read=857021 written=13648
   ->  Sort  (cost=2363487.14..2363633.36 rows=58486 width=64) (actual time=99616.109..99632.200 rows=58579 loops=1)
         Sort Key: n1.n_name, n2.n_name, (date_part('year'::text, (lineitem.l_shipdate)::timestamp without time zone))
         Sort Method: quicksort  Memory: 9774kB
         Buffers: shared hit=578982 read=857021 written=13648
         ->  Hash Join  (cost=897232.22..2358856.28 rows=58486 width=64) (actual time=46537.202..99197.058 rows=58579 loops=1)
               Hash Cond: ((lineitem.l_suppkey = supplier.s_suppkey) AND (n1.n_nationkey = supplier.s_nationkey))
               Buffers: shared hit=578974 read=857021 written=13648
               ->  Hash Join  (cost=892553.22..2324057.11 rows=1462144 width=72) (actual time=46418.499..95641.933 rows=1459656 loops=1)
                     Hash Cond: (lineitem.l_orderkey = orders.o_orderkey)
                     Buffers: shared hit=576792 read=857021 written=13648
                     ->  Bitmap Heap Scan on lineitem  (cost=386526.06..1734815.61 rows=18291437 width=20) (actual time=14087.353..37813.924 rows=18247062 loops=1)
                           Recheck Cond: ((l_shipdate >= '1995-01-01'::date) AND (l_shipdate <= '1996-12-31'::date))
                           Buffers: shared hit=279905 read=840224 written=13647
                           ->  Bitmap Index Scan on lineitem_l_shipdate_l_suppkey__idx  (cost=0.00..381953.20 rows=18291437 width=0) (actual time=13500.936..13500.936 rows=18374583 loops=1)
                                 Index Cond: ((l_shipdate >= '1995-01-01'::date) AND (l_shipdate <= '1996-12-31'::date))
                                 Buffers: shared hit=7 read=49808 written=69
                     ->  Hash  (cost=490919.26..490919.26 rows=1208632 width=60) (actual time=32330.392..32330.392 rows=1199578 loops=1)
                           Buckets: 131072  Batches: 1  Memory Usage: 107775kB
                           Buffers: shared hit=296887 read=16797 written=1
                           ->  Hash Join  (cost=15638.06..490919.26 rows=1208632 width=60) (actual time=776.799..30674.199 rows=1199578 loops=1)
                                 Hash Cond: (orders.o_custkey = customer.c_custkey)
                                 Buffers: shared hit=296887 read=16797 written=1
                                 ->  Seq Scan on orders  (cost=0.00..406494.91 rows=15119991 width=8) (actual time=0.016..5063.514 rows=15015000 loops=1)
                                       Buffers: shared hit=249858 read=5437 written=1
                                 ->  Hash  (cost=14139.26..14139.26 rows=119904 width=60) (actual time=776.654..776.654 rows=119805 loops=1)
                                       Buckets: 16384  Batches: 1  Memory Usage: 10764kB
                                       Buffers: shared hit=47029 read=11360
                                       ->  Nested Loop  (cost=905.09..14139.26 rows=119904 width=60) (actual time=19.739..529.991 rows=119805 loops=1)
                                             Buffers: shared hit=47029 read=11360
                                             ->  Nested Loop  (cost=0.00..28.00 rows=2 width=60) (actual time=0.190..0.391 rows=2 loops=1)
                                                   Join Filter: (((n1.n_name = 'ROMANIA'::bpchar) AND (n2.n_name = 'JAPAN'::bpchar)) OR ((n1.n_name = 'JAPAN'::bpchar) AND (n2.n_name = 'ROMANIA'::bpchar)))
                                                   Rows Removed by Join Filter: 623
                                                   Buffers: shared hit=3
                                                   ->  Index Scan using pk_nation on nation n1  (cost=0.00..12.63 rows=25 width=30) (actual time=0.020..0.036 rows=25 loops=1)
                                                         Buffers: shared hit=2
                                                   ->  Materialize  (cost=0.00..1.38 rows=25 width=30) (actual time=0.001..0.004 rows=25 loops=25)
                                                         Buffers: shared hit=1
                                                         ->  Seq Scan on nation n2  (cost=0.00..1.25 rows=25 width=30) (actual time=0.005..0.010 rows=25 loops=1)
                                                               Buffers: shared hit=1
                                             ->  Bitmap Heap Scan on customer  (cost=905.09..6455.63 rows=60000 width=8) (actual time=24.172..247.534 rows=59902 loops=2)
                                                   Recheck Cond: (c_nationkey = n2.n_nationkey)
                                                   Buffers: shared hit=47026 read=11360
                                                   ->  Bitmap Index Scan on customer_c_nationkey_c_custkey_idx  (cost=0.00..890.09 rows=60000 width=0) (actual time=16.223..16.223 rows=59902 loops=2)
                                                         Index Cond: (c_nationkey = n2.n_nationkey)
                                                         Buffers: shared hit=2 read=333
               ->  Hash  (cost=3179.00..3179.00 rows=100000 width=8) (actual time=118.450..118.450 rows=100000 loops=1)
                     Buckets: 16384  Batches: 1  Memory Usage: 3907kB
                     Buffers: shared hit=2179
                     ->  Seq Scan on supplier  (cost=0.00..3179.00 rows=100000 width=8) (actual time=0.009..72.853 rows=100000 loops=1)
                           Buffers: shared hit=2179
 Total runtime: 99742.023 ms
(53 rows)

COMMIT;
COMMIT
