BEGIN;
BEGIN
EXPLAIN (ANALYZE, BUFFERS)
select
	s_name,
	s_address
from
	supplier,
	nation
where
	s_suppkey in (
		select
			distinct (ps_suppkey)
		from
			partsupp,
			part
		where
			ps_partkey=p_partkey
			and p_name like 'aquamarine%'
			and ps_availqty > (
				select
					0.5 * sum(l_quantity)
				from
					lineitem
				where
					l_partkey = ps_partkey
					and l_suppkey = ps_suppkey
					and l_shipdate >= '1993-01-01'
					and l_shipdate < cast(date '1993-01-01' + interval '1 year' as date)
			)
	)
	and s_nationkey = n_nationkey
	and n_name = 'SAUDI ARABIA'
order by
	s_name;
                                                                                                  QUERY PLAN                                                                                                   
---------------------------------------------------------------------------------------------------------------------------------------------------------------------------------------------------------------
 Sort  (cost=12740760.65..12740763.59 rows=1174 width=51) (actual time=18179.115..18179.229 rows=1843 loops=1)
   Sort Key: supplier.s_name
   Sort Method: quicksort  Memory: 264kB
   Buffers: shared hit=2699506 read=420964 dirtied=5464 written=485
   ->  Nested Loop  (cost=12736291.35..12740700.79 rows=1174 width=51) (actual time=18084.045..18167.642 rows=1843 loops=1)
         Join Filter: (supplier.s_nationkey = nation.n_nationkey)
         Rows Removed by Join Filter: 42936
         Buffers: shared hit=2699501 read=420964 dirtied=5464 written=485
         ->  Seq Scan on nation  (cost=0.00..1.31 rows=1 width=4) (actual time=0.019..0.028 rows=1 loops=1)
               Filter: (n_name = 'SAUDI ARABIA'::bpchar)
               Rows Removed by Filter: 24
               Buffers: shared hit=1
         ->  Hash Semi Join  (cost=12736291.35..12740332.56 rows=29354 width=55) (actual time=18083.871..18162.593 rows=44779 loops=1)
               Hash Cond: (supplier.s_suppkey = partsupp.ps_suppkey)
               Buffers: shared hit=2699500 read=420964 dirtied=5464 written=485
               ->  Seq Scan on supplier  (cost=0.00..3179.00 rows=100000 width=59) (actual time=0.037..30.193 rows=100000 loops=1)
                     Buffers: shared hit=2179
               ->  Hash  (cost=12735924.43..12735924.43 rows=29354 width=4) (actual time=18083.776..18083.776 rows=44779 loops=1)
                     Buckets: 4096  Batches: 1  Memory Usage: 1575kB
                     Buffers: shared hit=2697321 read=420964 dirtied=5464 written=485
                     ->  HashAggregate  (cost=12735337.35..12735630.89 rows=29354 width=4) (actual time=18027.478..18068.578 rows=44779 loops=1)
                           Buffers: shared hit=2697321 read=420964 dirtied=5464 written=485
                           ->  Nested Loop  (cost=0.00..12735263.96 rows=29354 width=4) (actual time=2.878..17897.093 rows=59040 loops=1)
                                 Buffers: shared hit=2697321 read=420964 dirtied=5464 written=485
                                 ->  Seq Scan on part  (cost=0.00..65522.00 rows=22022 width=4) (actual time=0.020..1190.295 rows=21746 loops=1)
                                       Filter: ((p_name)::text ~~ 'aquamarine%'::text)
                                       Rows Removed by Filter: 1978254
                                       Buffers: shared hit=22873 read=17649 written=4
                                 ->  Index Scan using pk_partsupp on partsupp  (cost=0.00..575.31 rows=1 width=8) (actual time=0.601..0.765 rows=3 loops=21746)
                                       Index Cond: (ps_partkey = part.p_partkey)
                                       Filter: ((ps_availqty)::double precision > (SubPlan 1))
                                       Rows Removed by Filter: 1
                                       Buffers: shared hit=2674448 read=403315 dirtied=5464 written=481
                                       SubPlan 1
                                         ->  Aggregate  (cost=140.92..140.94 rows=1 width=4) (actual time=0.180..0.180 rows=1 loops=86984)
                                               Buffers: shared hit=2597908 read=390066 dirtied=5464 written=467
                                               ->  Index Scan using lineitem_l_partkey_l_quantity_l_shipmode_idx on lineitem  (cost=0.00..140.92 rows=1 width=4) (actual time=0.111..0.177 rows=1 loops=86984)
                                                     Index Cond: (l_partkey = partsupp.ps_partkey)
                                                     Filter: ((l_shipdate >= '1993-01-01'::date) AND (l_shipdate < '1994-01-01'::date) AND (l_suppkey = partsupp.ps_suppkey))
                                                     Rows Removed by Filter: 29
                                                     Buffers: shared hit=2597908 read=390066 dirtied=5464 written=467
 Total runtime: 18181.110 ms
(42 rows)

COMMIT;
COMMIT
