BEGIN;
BEGIN
EXPLAIN (ANALYZE, BUFFERS)
select
	s_name,
	s_address
from
	supplier,
	nation
where
	s_suppkey in (
		select
			distinct (ps_suppkey)
		from
			partsupp,
			part
		where
			ps_partkey=p_partkey
			and p_name like 'slate%'
			and ps_availqty > (
				select
					0.5 * sum(l_quantity)
				from
					lineitem
				where
					l_partkey = ps_partkey
					and l_suppkey = ps_suppkey
					and l_shipdate >= '1995-01-01'
					and l_shipdate < cast(date '1995-01-01' + interval '1 year' as date)
			)
	)
	and s_nationkey = n_nationkey
	and n_name = 'UNITED STATES'
order by
	s_name;
                                                                                                  QUERY PLAN                                                                                                   
---------------------------------------------------------------------------------------------------------------------------------------------------------------------------------------------------------------
 Sort  (cost=12740760.65..12740763.59 rows=1174 width=51) (actual time=15154.515..15154.689 rows=1813 loops=1)
   Sort Key: supplier.s_name
   Sort Method: quicksort  Memory: 258kB
   Buffers: shared hit=2791278 read=329822 dirtied=4260 written=361
   ->  Nested Loop  (cost=12736291.35..12740700.79 rows=1174 width=51) (actual time=14997.578..15137.181 rows=1813 loops=1)
         Join Filter: (supplier.s_nationkey = nation.n_nationkey)
         Rows Removed by Join Filter: 43005
         Buffers: shared hit=2791273 read=329822 dirtied=4260 written=361
         ->  Seq Scan on nation  (cost=0.00..1.31 rows=1 width=4) (actual time=0.014..0.015 rows=1 loops=1)
               Filter: (n_name = 'UNITED STATES'::bpchar)
               Rows Removed by Filter: 24
               Buffers: shared hit=1
         ->  Hash Semi Join  (cost=12736291.35..12740332.56 rows=29354 width=55) (actual time=14997.398..15128.984 rows=44818 loops=1)
               Hash Cond: (supplier.s_suppkey = partsupp.ps_suppkey)
               Buffers: shared hit=2791272 read=329822 dirtied=4260 written=361
               ->  Seq Scan on supplier  (cost=0.00..3179.00 rows=100000 width=59) (actual time=0.028..43.126 rows=100000 loops=1)
                     Buffers: shared hit=2179
               ->  Hash  (cost=12735924.43..12735924.43 rows=29354 width=4) (actual time=14997.321..14997.321 rows=44818 loops=1)
                     Buckets: 4096  Batches: 1  Memory Usage: 1576kB
                     Buffers: shared hit=2789093 read=329822 dirtied=4260 written=361
                     ->  HashAggregate  (cost=12735337.35..12735630.89 rows=29354 width=4) (actual time=14949.283..14980.298 rows=44818 loops=1)
                           Buffers: shared hit=2789093 read=329822 dirtied=4260 written=361
                           ->  Nested Loop  (cost=0.00..12735263.96 rows=29354 width=4) (actual time=0.852..14825.713 rows=59203 loops=1)
                                 Buffers: shared hit=2789093 read=329822 dirtied=4260 written=361
                                 ->  Seq Scan on part  (cost=0.00..65522.00 rows=22022 width=4) (actual time=0.009..1291.046 rows=21789 loops=1)
                                       Filter: ((p_name)::text ~~ 'slate%'::text)
                                       Rows Removed by Filter: 1978211
                                       Buffers: shared hit=5927 read=34595 written=27
                                 ->  Index Scan using pk_partsupp on partsupp  (cost=0.00..575.31 rows=1 width=8) (actual time=0.474..0.618 rows=3 loops=21789)
                                       Index Cond: (ps_partkey = part.p_partkey)
                                       Filter: ((ps_availqty)::double precision > (SubPlan 1))
                                       Rows Removed by Filter: 1
                                       Buffers: shared hit=2783166 read=295227 dirtied=4260 written=334
                                       SubPlan 1
                                         ->  Aggregate  (cost=140.92..140.94 rows=1 width=4) (actual time=0.141..0.141 rows=1 loops=87156)
                                               Buffers: shared hit=2728362 read=259930 dirtied=4260 written=300
                                               ->  Index Scan using lineitem_l_partkey_l_quantity_l_shipmode_idx on lineitem  (cost=0.00..140.92 rows=1 width=4) (actual time=0.089..0.139 rows=1 loops=87156)
                                                     Index Cond: (l_partkey = partsupp.ps_partkey)
                                                     Filter: ((l_shipdate >= '1995-01-01'::date) AND (l_shipdate < '1996-01-01'::date) AND (l_suppkey = partsupp.ps_suppkey))
                                                     Rows Removed by Filter: 29
                                                     Buffers: shared hit=2728362 read=259930 dirtied=4260 written=300
 Total runtime: 15156.905 ms
(42 rows)

COMMIT;
COMMIT
