BEGIN;
BEGIN
EXPLAIN (ANALYZE, BUFFERS)
select
	s_name,
	s_address
from
	supplier,
	nation
where
	s_suppkey in (
		select
			distinct (ps_suppkey)
		from
			partsupp,
			part
		where
			ps_partkey=p_partkey
			and p_name like 'turquoise%'
			and ps_availqty > (
				select
					0.5 * sum(l_quantity)
				from
					lineitem
				where
					l_partkey = ps_partkey
					and l_suppkey = ps_suppkey
					and l_shipdate >= '1997-01-01'
					and l_shipdate < cast(date '1997-01-01' + interval '1 year' as date)
			)
	)
	and s_nationkey = n_nationkey
	and n_name = 'UNITED KINGDOM'
order by
	s_name;
                                                                                               QUERY PLAN                                                                                                
---------------------------------------------------------------------------------------------------------------------------------------------------------------------------------------------------------
 Sort  (cost=11590901.82..11590904.48 rows=1067 width=51) (actual time=16140.162..16140.283 rows=1801 loops=1)
   Sort Key: supplier.s_name
   Sort Method: quicksort  Memory: 259kB
   Buffers: shared hit=2728639 read=397724 dirtied=5391 written=10343
   ->  Hash Semi Join  (cost=11588503.26..11590848.15 rows=1067 width=51) (actual time=16110.505..16125.827 rows=1801 loops=1)
         Hash Cond: (supplier.s_suppkey = partsupp.ps_suppkey)
         Buffers: shared hit=2728634 read=397724 dirtied=5391 written=10343
         ->  Nested Loop  (cost=79.26..2391.58 rows=4000 width=55) (actual time=1.910..13.535 rows=3973 loops=1)
               Buffers: shared hit=1860 read=14
               ->  Seq Scan on nation  (cost=0.00..1.31 rows=1 width=4) (actual time=0.017..0.022 rows=1 loops=1)
                     Filter: (n_name = 'UNITED KINGDOM'::bpchar)
                     Rows Removed by Filter: 24
                     Buffers: shared hit=1
               ->  Bitmap Heap Scan on supplier  (cost=79.26..2350.26 rows=4000 width=59) (actual time=1.886..12.709 rows=3973 loops=1)
                     Recheck Cond: (s_nationkey = nation.n_nationkey)
                     Buffers: shared hit=1859 read=14
                     ->  Bitmap Index Scan on supplier_s_nationkey_s_suppkey_idx  (cost=0.00..78.26 rows=4000 width=0) (actual time=1.460..1.460 rows=3973 loops=1)
                           Index Cond: (s_nationkey = nation.n_nationkey)
                           Buffers: shared read=14
         ->  Hash  (cost=11588090.43..11588090.43 rows=26686 width=4) (actual time=16108.530..16108.530 rows=44821 loops=1)
               Buckets: 4096  Batches: 1  Memory Usage: 1576kB
               Buffers: shared hit=2726774 read=397710 dirtied=5391 written=10343
               ->  HashAggregate  (cost=11587556.71..11587823.57 rows=26686 width=4) (actual time=16076.561..16098.657 rows=44821 loops=1)
                     Buffers: shared hit=2726774 read=397710 dirtied=5391 written=10343
                     ->  Nested Loop  (cost=0.00..11587489.99 rows=26686 width=4) (actual time=1.231..15947.227 rows=59356 loops=1)
                           Buffers: shared hit=2726774 read=397710 dirtied=5391 written=10343
                           ->  Seq Scan on part  (cost=0.00..65522.00 rows=20020 width=4) (actual time=0.017..1258.417 rows=21791 loops=1)
                                 Filter: ((p_name)::text ~~ 'turquoise%'::text)
                                 Rows Removed by Filter: 1978209
                                 Buffers: shared hit=13848 read=26674 written=940
                           ->  Index Scan using pk_partsupp on partsupp  (cost=0.00..575.51 rows=1 width=8) (actual time=0.532..0.671 rows=3 loops=21791)
                                 Index Cond: (ps_partkey = part.p_partkey)
                                 Filter: ((ps_availqty)::double precision > (SubPlan 1))
                                 Rows Removed by Filter: 1
                                 Buffers: shared hit=2712926 read=371036 dirtied=5391 written=9403
                                 SubPlan 1
                                   ->  Aggregate  (cost=140.92..140.94 rows=1 width=4) (actual time=0.154..0.154 rows=1 loops=87164)
                                         Buffers: shared hit=2656790 read=337042 dirtied=5391 written=8641
                                         ->  Index Scan using lineitem_l_partkey_l_quantity_l_shipmode_idx on lineitem  (cost=0.00..140.92 rows=1 width=4) (actual time=0.095..0.151 rows=1 loops=87164)
                                               Index Cond: (l_partkey = partsupp.ps_partkey)
                                               Filter: ((l_shipdate >= '1997-01-01'::date) AND (l_shipdate < '1998-01-01'::date) AND (l_suppkey = partsupp.ps_suppkey))
                                               Rows Removed by Filter: 29
                                               Buffers: shared hit=2656790 read=337042 dirtied=5391 written=8641
 Total runtime: 16142.183 ms
(44 rows)

COMMIT;
COMMIT
