BEGIN;
BEGIN
EXPLAIN (ANALYZE, BUFFERS)
select
	s_name,
	s_address
from
	supplier,
	nation
where
	s_suppkey in (
		select
			distinct (ps_suppkey)
		from
			partsupp,
			part
		where
			ps_partkey=p_partkey
			and p_name like 'green%'
			and ps_availqty > (
				select
					0.5 * sum(l_quantity)
				from
					lineitem
				where
					l_partkey = ps_partkey
					and l_suppkey = ps_suppkey
					and l_shipdate >= '1994-01-01'
					and l_shipdate < cast(date '1994-01-01' + interval '1 year' as date)
			)
	)
	and s_nationkey = n_nationkey
	and n_name = 'IRAQ'
order by
	s_name;
                                                                                                  QUERY PLAN                                                                                                   
---------------------------------------------------------------------------------------------------------------------------------------------------------------------------------------------------------------
 Sort  (cost=12740760.65..12740763.59 rows=1174 width=51) (actual time=13714.385..13714.500 rows=1784 loops=1)
   Sort Key: supplier.s_name
   Sort Method: quicksort  Memory: 255kB
   Buffers: shared hit=2660265 read=427912 dirtied=2256 written=1
   ->  Nested Loop  (cost=12736291.35..12740700.79 rows=1174 width=51) (actual time=13590.568..13705.324 rows=1784 loops=1)
         Join Filter: (supplier.s_nationkey = nation.n_nationkey)
         Rows Removed by Join Filter: 42722
         Buffers: shared hit=2660260 read=427912 dirtied=2256 written=1
         ->  Seq Scan on nation  (cost=0.00..1.31 rows=1 width=4) (actual time=0.016..0.023 rows=1 loops=1)
               Filter: (n_name = 'IRAQ'::bpchar)
               Rows Removed by Filter: 24
               Buffers: shared hit=1
         ->  Hash Semi Join  (cost=12736291.35..12740332.56 rows=29354 width=55) (actual time=13590.540..13700.534 rows=44506 loops=1)
               Hash Cond: (supplier.s_suppkey = partsupp.ps_suppkey)
               Buffers: shared hit=2660259 read=427912 dirtied=2256 written=1
               ->  Seq Scan on supplier  (cost=0.00..3179.00 rows=100000 width=59) (actual time=0.044..30.637 rows=100000 loops=1)
                     Buffers: shared hit=2179
               ->  Hash  (cost=12735924.43..12735924.43 rows=29354 width=4) (actual time=13590.446..13590.446 rows=44506 loops=1)
                     Buckets: 4096  Batches: 1  Memory Usage: 1565kB
                     Buffers: shared hit=2658080 read=427912 dirtied=2256 written=1
                     ->  HashAggregate  (cost=12735337.35..12735630.89 rows=29354 width=4) (actual time=13560.102..13579.907 rows=44506 loops=1)
                           Buffers: shared hit=2658080 read=427912 dirtied=2256 written=1
                           ->  Nested Loop  (cost=0.00..12735263.96 rows=29354 width=4) (actual time=1.575..13461.223 rows=58597 loops=1)
                                 Buffers: shared hit=2658080 read=427912 dirtied=2256 written=1
                                 ->  Seq Scan on part  (cost=0.00..65522.00 rows=22022 width=4) (actual time=0.022..1024.702 rows=21556 loops=1)
                                       Filter: ((p_name)::text ~~ 'green%'::text)
                                       Rows Removed by Filter: 1978444
                                       Buffers: shared hit=15388 read=25134
                                 ->  Index Scan using pk_partsupp on partsupp  (cost=0.00..575.31 rows=1 width=8) (actual time=0.461..0.574 rows=3 loops=21556)
                                       Index Cond: (ps_partkey = part.p_partkey)
                                       Filter: ((ps_availqty)::double precision > (SubPlan 1))
                                       Rows Removed by Filter: 1
                                       Buffers: shared hit=2642692 read=402778 dirtied=2256 written=1
                                       SubPlan 1
                                         ->  Aggregate  (cost=140.92..140.94 rows=1 width=4) (actual time=0.132..0.133 rows=1 loops=86224)
                                               Buffers: shared hit=2586256 read=370201 dirtied=2256 written=1
                                               ->  Index Scan using lineitem_l_partkey_l_quantity_l_shipmode_idx on lineitem  (cost=0.00..140.92 rows=1 width=4) (actual time=0.082..0.130 rows=1 loops=86224)
                                                     Index Cond: (l_partkey = partsupp.ps_partkey)
                                                     Filter: ((l_shipdate >= '1994-01-01'::date) AND (l_shipdate < '1995-01-01'::date) AND (l_suppkey = partsupp.ps_suppkey))
                                                     Rows Removed by Filter: 29
                                                     Buffers: shared hit=2586256 read=370201 dirtied=2256 written=1
 Total runtime: 13716.433 ms
(42 rows)

COMMIT;
COMMIT
